[debug] [2024-01-29T20:04:46.989Z] ----------------------------------------------------------------------
[debug] [2024-01-29T20:04:47.001Z] Command:       D:\node js\node.exe C:\Users\Acer\AppData\Roaming\npm\node_modules\firebase-tools\lib\bin\firebase.js deploy
[debug] [2024-01-29T20:04:47.003Z] CLI Version:   12.6.2
[debug] [2024-01-29T20:04:47.005Z] Platform:      win32
[debug] [2024-01-29T20:04:47.006Z] Node Version:  v16.14.2
[debug] [2024-01-29T20:04:47.222Z] Time:          Tue Jan 30 2024 02:04:47 GMT+0600 (Bangladesh Standard Time)
[debug] [2024-01-29T20:04:47.223Z] ----------------------------------------------------------------------
[debug] 
[debug] [2024-01-29T20:04:47.300Z] >>> [apiv2][query] GET https://firebase-public.firebaseio.com/cli.json [none]
[debug] [2024-01-29T20:04:48.095Z] > command requires scopes: ["email","openid","https://www.googleapis.com/auth/cloudplatformprojects.readonly","https://www.googleapis.com/auth/firebase","https://www.googleapis.com/auth/cloud-platform"]
[debug] [2024-01-29T20:04:48.096Z] > authorizing via signed-in user (mdtalha2008@gmail.com)
[debug] [2024-01-29T20:04:48.097Z] [iam] checking project educare-bd0b7 for permissions ["firebase.projects.get","firebasehosting.sites.update"]
[debug] [2024-01-29T20:04:48.101Z] > refreshing access token with scopes: []
[debug] [2024-01-29T20:04:48.105Z] >>> [apiv2][query] POST https://www.googleapis.com/oauth2/v3/token [none]
[debug] [2024-01-29T20:04:48.105Z] >>> [apiv2][body] POST https://www.googleapis.com/oauth2/v3/token [omitted]
[debug] [2024-01-29T20:04:48.485Z] <<< [apiv2][status] POST https://www.googleapis.com/oauth2/v3/token 400
[debug] [2024-01-29T20:04:48.486Z] <<< [apiv2][body] POST https://www.googleapis.com/oauth2/v3/token [omitted]
[debug] [2024-01-29T20:04:48.487Z] >>> [apiv2][query] POST https://cloudresourcemanager.googleapis.com/v1/projects/educare-bd0b7:testIamPermissions [none]
[debug] [2024-01-29T20:04:48.488Z] >>> [apiv2][(partial)header] POST https://cloudresourcemanager.googleapis.com/v1/projects/educare-bd0b7:testIamPermissions x-goog-quota-user=projects/educare-bd0b7
[debug] [2024-01-29T20:04:48.489Z] >>> [apiv2][body] POST https://cloudresourcemanager.googleapis.com/v1/projects/educare-bd0b7:testIamPermissions {"permissions":["firebase.projects.get","firebasehosting.sites.update"]}
[debug] [2024-01-29T20:04:48.745Z] <<< [apiv2][status] GET https://firebase-public.firebaseio.com/cli.json 200
[debug] [2024-01-29T20:04:48.746Z] <<< [apiv2][body] GET https://firebase-public.firebaseio.com/cli.json {"cloudBuildErrorAfter":1594252800000,"cloudBuildWarnAfter":1590019200000,"defaultNode10After":1594252800000,"minVersion":"3.0.5","node8DeploysDisabledAfter":1613390400000,"node8RuntimeDisabledAfter":1615809600000,"node8WarnAfter":1600128000000}
[debug] [2024-01-29T20:04:49.996Z] <<< [apiv2][status] POST https://cloudresourcemanager.googleapis.com/v1/projects/educare-bd0b7:testIamPermissions 401
[debug] [2024-01-29T20:04:49.996Z] <<< [apiv2][body] POST https://cloudresourcemanager.googleapis.com/v1/projects/educare-bd0b7:testIamPermissions {"error":{"code":401,"message":"Request had invalid authentication credentials. Expected OAuth 2 access token, login cookie or other valid authentication credential. See https://developers.google.com/identity/sign-in/web/devconsole-project.","status":"UNAUTHENTICATED","details":[{"@type":"type.googleapis.com/google.rpc.ErrorInfo","reason":"ACCESS_TOKEN_TYPE_UNSUPPORTED","metadata":{"service":"cloudresourcemanager.googleapis.com","method":"google.cloudresourcemanager.v1.Projects.TestIamPermissions"}}]}}
[debug] [2024-01-29T20:04:50.001Z] [iam] error while checking permissions, command may fail: FirebaseError: HTTP Error: 401, Request had invalid authentication credentials. Expected OAuth 2 access token, login cookie or other valid authentication credential. See https://developers.google.com/identity/sign-in/web/devconsole-project.
[debug] [2024-01-29T20:04:50.004Z] > refreshing access token with scopes: []
[debug] [2024-01-29T20:04:50.008Z] >>> [apiv2][query] POST https://www.googleapis.com/oauth2/v3/token [none]
[debug] [2024-01-29T20:04:50.009Z] >>> [apiv2][body] POST https://www.googleapis.com/oauth2/v3/token [omitted]
[debug] [2024-01-29T20:04:50.230Z] <<< [apiv2][status] POST https://www.googleapis.com/oauth2/v3/token 400
[debug] [2024-01-29T20:04:50.231Z] <<< [apiv2][body] POST https://www.googleapis.com/oauth2/v3/token [omitted]
[debug] [2024-01-29T20:04:50.234Z] >>> [apiv2][query] GET https://firebase.googleapis.com/v1beta1/projects/educare-bd0b7 [none]
[debug] [2024-01-29T20:04:50.804Z] <<< [apiv2][status] GET https://firebase.googleapis.com/v1beta1/projects/educare-bd0b7 401
[debug] [2024-01-29T20:04:50.804Z] <<< [apiv2][body] GET https://firebase.googleapis.com/v1beta1/projects/educare-bd0b7 {"error":{"code":401,"message":"Request had invalid authentication credentials. Expected OAuth 2 access token, login cookie or other valid authentication credential. See https://developers.google.com/identity/sign-in/web/devconsole-project.","status":"UNAUTHENTICATED"}}
[debug] [2024-01-29T20:04:50.805Z] HTTP Error: 401, Request had invalid authentication credentials. Expected OAuth 2 access token, login cookie or other valid authentication credential. See https://developers.google.com/identity/sign-in/web/devconsole-project.
[debug] [2024-01-29T20:04:51.026Z] FirebaseError: HTTP Error: 401, Request had invalid authentication credentials. Expected OAuth 2 access token, login cookie or other valid authentication credential. See https://developers.google.com/identity/sign-in/web/devconsole-project.
    at responseToError (C:\Users\Acer\AppData\Roaming\npm\node_modules\firebase-tools\lib\responseToError.js:49:12)
    at RetryOperation._fn (C:\Users\Acer\AppData\Roaming\npm\node_modules\firebase-tools\lib\apiv2.js:285:77)
    at processTicksAndRejections (node:internal/process/task_queues:96:5)
[error] 
[error] Error: Failed to get Firebase project educare-bd0b7. Please make sure the project exists and your account has permission to access it.
